MAHOUT_LOCAL is not set; adding HADOOP_CONF_DIR to classpath.
Running on hadoop, using /usr/lib/hadoop/bin/hadoop and HADOOP_CONF_DIR=/etc/hadoop/conf
MAHOUT-JOB: /usr/lib/mahout/mahout-examples-0.7-job.jar
14/04/10 15:27:14 WARN driver.MahoutDriver: No cvb.props found on classpath, will use command-line arguments only
14/04/10 15:27:15 INFO common.AbstractJob: Command line arguments: {--convergenceDelta=[0], --dictionary=[hdfs://mothership:8020/user/hadoop/output8/sparseVectors/dictionary.file-*], --doc_topic_smoothing=[20], --endPhase=[2147483647], --input=[hdfs://mothership:8020/user/hadoop/output8/sparseMatrix/], --iteration_block_size=[10], --maxIter=[20], --max_doc_topic_iters=[10], --num_reduce_tasks=[10], --num_terms=[245092], --num_topics=[20], --num_train_threads=[4], --num_update_threads=[1], --output=[hdfs://mothership:8020/user/hadoop/output8/cvbOut/], --startPhase=[0], --tempDir=[temp], --term_topic_smoothing=[0.0001], --test_set_fraction=[0]}
14/04/10 15:27:15 INFO cvb.CVB0Driver: Will run Collapsed Variational Bayes (0th-derivative approximation) learning for LDA on hdfs://mothership:8020/user/hadoop/output8/sparseMatrix (numTerms: 245092), finding 20-topics, with document/topic prior 20.0, topic/term prior 1.0E-4.  Maximum iterations to run will be 20, unless the change in perplexity is less than 0.0.  Topic model output (p(term|topic) for each topic) will be stored hdfs://mothership:8020/user/hadoop/output8/cvbOut.  Random initialization seed is 8851, holding out 0.0 of the data for perplexity check

14/04/10 15:27:15 INFO cvb.CVB0Driver: Dictionary to be used located hdfs://mothership:8020/user/hadoop/output8/sparseVectors/dictionary.file-*

14/04/10 15:27:15 WARN conf.Configuration: hdfs-site.xml:an attempt to override final parameter: dfs.client.read.shortcircuit;  Ignoring.
14/04/10 15:27:15 INFO cvb.CVB0Driver: Current iteration number: 0
14/04/10 15:27:15 INFO cvb.CVB0Driver: About to run iteration 1 of 20
14/04/10 15:27:15 INFO cvb.CVB0Driver: About to run: Iteration 1 of 20, input path: temp/topicModelState/model-0
14/04/10 15:27:15 WARN conf.Configuration: hdfs-site.xml:an attempt to override final parameter: dfs.client.read.shortcircuit;  Ignoring.
14/04/10 15:27:15 INFO service.AbstractService: Service:org.apache.hadoop.yarn.client.YarnClientImpl is inited.
14/04/10 15:27:15 INFO service.AbstractService: Service:org.apache.hadoop.yarn.client.YarnClientImpl is started.
14/04/10 15:27:15 WARN conf.Configuration: hdfs-site.xml:an attempt to override final parameter: dfs.client.read.shortcircuit;  Ignoring.
14/04/10 15:27:16 WARN conf.Configuration: hdfs-site.xml:an attempt to override final parameter: dfs.client.read.shortcircuit;  Ignoring.
14/04/10 15:27:16 INFO input.FileInputFormat: Total input paths to process : 2
14/04/10 15:27:16 INFO mapreduce.JobSubmitter: number of splits:2
14/04/10 15:27:16 WARN conf.Configuration: mapred.jar is deprecated. Instead, use mapreduce.job.jar
14/04/10 15:27:16 WARN conf.Configuration: mapred.reduce.tasks is deprecated. Instead, use mapreduce.job.reduces
14/04/10 15:27:16 WARN conf.Configuration: mapred.output.value.class is deprecated. Instead, use mapreduce.job.output.value.class
14/04/10 15:27:16 WARN conf.Configuration: mapreduce.combine.class is deprecated. Instead, use mapreduce.job.combine.class
14/04/10 15:27:16 WARN conf.Configuration: mapreduce.map.class is deprecated. Instead, use mapreduce.job.map.class
14/04/10 15:27:16 WARN conf.Configuration: mapred.job.name is deprecated. Instead, use mapreduce.job.name
14/04/10 15:27:16 WARN conf.Configuration: mapreduce.reduce.class is deprecated. Instead, use mapreduce.job.reduce.class
14/04/10 15:27:16 WARN conf.Configuration: mapreduce.inputformat.class is deprecated. Instead, use mapreduce.job.inputformat.class
14/04/10 15:27:16 WARN conf.Configuration: mapred.input.dir is deprecated. Instead, use mapreduce.input.fileinputformat.inputdir
14/04/10 15:27:16 WARN conf.Configuration: mapred.output.dir is deprecated. Instead, use mapreduce.output.fileoutputformat.outputdir
14/04/10 15:27:16 WARN conf.Configuration: mapreduce.outputformat.class is deprecated. Instead, use mapreduce.job.outputformat.class
14/04/10 15:27:16 WARN conf.Configuration: mapred.map.tasks is deprecated. Instead, use mapreduce.job.maps
14/04/10 15:27:16 WARN conf.Configuration: mapred.output.key.class is deprecated. Instead, use mapreduce.job.output.key.class
14/04/10 15:27:16 WARN conf.Configuration: mapred.working.dir is deprecated. Instead, use mapreduce.job.working.dir
14/04/10 15:27:16 INFO mapreduce.JobSubmitter: Submitting tokens for job: job_1397027729620_0061
14/04/10 15:27:17 INFO client.YarnClientImpl: Submitted application application_1397027729620_0061 to ResourceManager at mothership/127.0.0.1:8032
14/04/10 15:27:17 INFO mapreduce.Job: The url to track the job: http://mothership:8088/proxy/application_1397027729620_0061/
14/04/10 15:27:17 INFO mapreduce.Job: Running job: job_1397027729620_0061
14/04/10 15:27:23 INFO mapreduce.Job: Job job_1397027729620_0061 running in uber mode : false
14/04/10 15:27:23 INFO mapreduce.Job:  map 0% reduce 0%
14/04/10 15:27:34 INFO mapreduce.Job:  map 2% reduce 0%
14/04/10 15:27:37 INFO mapreduce.Job:  map 3% reduce 0%
14/04/10 15:27:40 INFO mapreduce.Job:  map 4% reduce 0%
14/04/10 15:27:43 INFO mapreduce.Job:  map 5% reduce 0%
14/04/10 15:27:46 INFO mapreduce.Job:  map 6% reduce 0%
14/04/10 15:27:52 INFO mapreduce.Job:  map 7% reduce 0%
14/04/10 15:27:55 INFO mapreduce.Job:  map 8% reduce 0%
14/04/10 15:27:58 INFO mapreduce.Job:  map 9% reduce 0%
14/04/10 15:28:01 INFO mapreduce.Job:  map 10% reduce 0%
14/04/10 15:28:07 INFO mapreduce.Job:  map 11% reduce 0%
14/04/10 15:28:10 INFO mapreduce.Job:  map 12% reduce 0%
14/04/10 15:28:13 INFO mapreduce.Job:  map 13% reduce 0%
14/04/10 15:28:16 INFO mapreduce.Job:  map 14% reduce 0%
14/04/10 15:28:19 INFO mapreduce.Job:  map 15% reduce 0%
14/04/10 15:28:22 INFO mapreduce.Job:  map 16% reduce 0%
14/04/10 15:28:25 INFO mapreduce.Job:  map 17% reduce 0%
14/04/10 15:28:28 INFO mapreduce.Job:  map 18% reduce 0%
14/04/10 15:28:31 INFO mapreduce.Job:  map 19% reduce 0%
14/04/10 15:28:34 INFO mapreduce.Job:  map 20% reduce 0%
14/04/10 15:28:37 INFO mapreduce.Job:  map 21% reduce 0%
14/04/10 15:28:40 INFO mapreduce.Job:  map 22% reduce 0%
14/04/10 15:28:43 INFO mapreduce.Job:  map 23% reduce 0%
14/04/10 15:28:46 INFO mapreduce.Job:  map 24% reduce 0%
14/04/10 15:28:49 INFO mapreduce.Job:  map 25% reduce 0%
14/04/10 15:28:52 INFO mapreduce.Job:  map 26% reduce 0%
14/04/10 15:28:55 INFO mapreduce.Job:  map 27% reduce 0%
14/04/10 15:28:58 INFO mapreduce.Job:  map 28% reduce 0%
14/04/10 15:29:01 INFO mapreduce.Job:  map 29% reduce 0%
14/04/10 15:29:07 INFO mapreduce.Job:  map 30% reduce 0%
14/04/10 15:29:10 INFO mapreduce.Job:  map 31% reduce 0%
14/04/10 15:29:13 INFO mapreduce.Job:  map 32% reduce 0%
14/04/10 15:29:16 INFO mapreduce.Job:  map 33% reduce 0%
14/04/10 15:29:40 INFO mapreduce.Job:  map 50% reduce 0%
14/04/10 15:29:57 INFO mapreduce.Job: Task Id : attempt_1397027729620_0061_m_000001_0, Status : FAILED
Error: java.lang.ClassCastException: org.apache.hadoop.io.Text cannot be cast to org.apache.mahout.math.VectorWritable
	at org.apache.mahout.clustering.lda.cvb.CachingCVB0Mapper.map(CachingCVB0Mapper.java:55)
	at org.apache.hadoop.mapreduce.Mapper.run(Mapper.java:144)
	at org.apache.hadoop.mapred.MapTask.runNewMapper(MapTask.java:757)
	at org.apache.hadoop.mapred.MapTask.run(MapTask.java:339)
	at org.apache.hadoop.mapred.YarnChild$2.run(YarnChild.java:158)
	at java.security.AccessController.doPrivileged(Native Method)
	at javax.security.auth.Subject.doAs(Subject.java:415)
	at org.apache.hadoop.security.UserGroupInformation.doAs(UserGroupInformation.java:1478)
	at org.apache.hadoop.mapred.YarnChild.main(YarnChild.java:153)

14/04/10 15:30:05 INFO mapreduce.Job: Task Id : attempt_1397027729620_0061_m_000001_1, Status : FAILED
Error: java.lang.ClassCastException: org.apache.hadoop.io.Text cannot be cast to org.apache.mahout.math.VectorWritable
	at org.apache.mahout.clustering.lda.cvb.CachingCVB0Mapper.map(CachingCVB0Mapper.java:55)
	at org.apache.hadoop.mapreduce.Mapper.run(Mapper.java:144)
	at org.apache.hadoop.mapred.MapTask.runNewMapper(MapTask.java:757)
	at org.apache.hadoop.mapred.MapTask.run(MapTask.java:339)
	at org.apache.hadoop.mapred.YarnChild$2.run(YarnChild.java:158)
	at java.security.AccessController.doPrivileged(Native Method)
	at javax.security.auth.Subject.doAs(Subject.java:415)
	at org.apache.hadoop.security.UserGroupInformation.doAs(UserGroupInformation.java:1478)
	at org.apache.hadoop.mapred.YarnChild.main(YarnChild.java:153)

14/04/10 15:30:11 INFO mapreduce.Job: Task Id : attempt_1397027729620_0061_m_000001_2, Status : FAILED
Error: java.lang.ClassCastException: org.apache.hadoop.io.Text cannot be cast to org.apache.mahout.math.VectorWritable
	at org.apache.mahout.clustering.lda.cvb.CachingCVB0Mapper.map(CachingCVB0Mapper.java:55)
	at org.apache.hadoop.mapreduce.Mapper.run(Mapper.java:144)
	at org.apache.hadoop.mapred.MapTask.runNewMapper(MapTask.java:757)
	at org.apache.hadoop.mapred.MapTask.run(MapTask.java:339)
	at org.apache.hadoop.mapred.YarnChild$2.run(YarnChild.java:158)
	at java.security.AccessController.doPrivileged(Native Method)
	at javax.security.auth.Subject.doAs(Subject.java:415)
	at org.apache.hadoop.security.UserGroupInformation.doAs(UserGroupInformation.java:1478)
	at org.apache.hadoop.mapred.YarnChild.main(YarnChild.java:153)

14/04/10 15:30:16 INFO mapreduce.Job:  map 100% reduce 0%
14/04/10 15:30:16 INFO mapreduce.Job: Job job_1397027729620_0061 failed with state FAILED due to: Task failed task_1397027729620_0061_m_000001
Job failed as tasks failed. failedMaps:1 failedReduces:0

14/04/10 15:30:16 WARN conf.Configuration: hdfs-site.xml:an attempt to override final parameter: dfs.client.read.shortcircuit;  Ignoring.
14/04/10 15:30:16 INFO mapreduce.Job: Counters: 32
	File System Counters
		FILE: Number of bytes read=0
		FILE: Number of bytes written=14462747
		FILE: Number of read operations=0
		FILE: Number of large read operations=0
		FILE: Number of write operations=0
		HDFS: Number of bytes read=6580455
		HDFS: Number of bytes written=0
		HDFS: Number of read operations=4
		HDFS: Number of large read operations=0
		HDFS: Number of write operations=0
	Job Counters 
		Failed map tasks=4
		Launched map tasks=5
		Other local map tasks=3
		Data-local map tasks=2
		Total time spent by all maps in occupied slots (ms)=498666
		Total time spent by all reduces in occupied slots (ms)=0
	Map-Reduce Framework
		Map input records=999
		Map output records=20
		Map output bytes=39214880
		Map output materialized bytes=14385499
		Input split bytes=127
		Combine input records=20
		Combine output records=20
		Spilled Records=20
		Failed Shuffles=0
		Merged Map outputs=0
		GC time elapsed (ms)=863
		CPU time spent (ms)=339540
		Physical memory (bytes) snapshot=960843776
		Virtual memory (bytes) snapshot=4945108992
		Total committed heap usage (bytes)=804257792
	File Input Format Counters 
		Bytes Read=6580328
Exception in thread "main" java.lang.InterruptedException: Failed to complete iteration 1 stage 1
	at org.apache.mahout.clustering.lda.cvb.CVB0Driver.runIteration(CVB0Driver.java:518)
	at org.apache.mahout.clustering.lda.cvb.CVB0Driver.run(CVB0Driver.java:304)
	at org.apache.mahout.clustering.lda.cvb.CVB0Driver.run(CVB0Driver.java:187)
	at org.apache.hadoop.util.ToolRunner.run(ToolRunner.java:70)
	at org.apache.mahout.clustering.lda.cvb.CVB0Driver.main(CVB0Driver.java:550)
	at sun.reflect.NativeMethodAccessorImpl.invoke0(Native Method)
	at sun.reflect.NativeMethodAccessorImpl.invoke(NativeMethodAccessorImpl.java:57)
	at sun.reflect.DelegatingMethodAccessorImpl.invoke(DelegatingMethodAccessorImpl.java:43)
	at java.lang.reflect.Method.invoke(Method.java:606)
	at org.apache.hadoop.util.ProgramDriver$ProgramDescription.invoke(ProgramDriver.java:72)
	at org.apache.hadoop.util.ProgramDriver.driver(ProgramDriver.java:144)
	at org.apache.mahout.driver.MahoutDriver.main(MahoutDriver.java:195)
	at sun.reflect.NativeMethodAccessorImpl.invoke0(Native Method)
	at sun.reflect.NativeMethodAccessorImpl.invoke(NativeMethodAccessorImpl.java:57)
	at sun.reflect.DelegatingMethodAccessorImpl.invoke(DelegatingMethodAccessorImpl.java:43)
	at java.lang.reflect.Method.invoke(Method.java:606)
	at org.apache.hadoop.util.RunJar.main(RunJar.java:212)
8.24user 1.62system 3:05.64elapsed 5%CPU (0avgtext+0avgdata 1562128maxresident)k
5944inputs+331384outputs (0major+91465minor)pagefaults 0swaps
